启动完毕
/login.html
/login.js
/avatar.png
/getData
启动完毕
/login.html
/login.js
/avatar.png
/getData
启动完毕
/login.html
/avatar.png
/login.js
/getData
启动完毕
/login.html
/login.js
/avatar.png
启动完毕
/login.html
/login.js
/avatar.png
启动完毕
/login.html
/login.js
/avatar.png
启动完毕
/login.html
/login.js
/avatar.png
启动完毕
/login.html
/login.js
/avatar.png
/login
启动完毕
/login.html
/login.js
/avatar.png
/login
启动完毕
/login.html
/login.js
/avatar.png
/login
启动完毕
/login.html
/login.js
/avatar.png
/login.html
/avatar.png
/login.js
启动完毕
/login.html
/avatar.png
/login.js
/login
启动完毕
/login.html
/login.js
/avatar.png
/login
启动完毕
/login
/login.html
/login.js
/avatar.png
启动完毕
/login.html
/avatar.png
/login.js
/login.html
/login.js
/avatar.png
/login.html
/login.js
/avatar.png
/login.html
/login.js
/avatar.png
/login.html
/login.js
/avatar.png
/login
启动完毕
/login.html
/login.js
/avatar.png
/login
启动完毕
/login.html
/login.js
/avatar.png
/login
启动完毕
/login
启动完毕
/login
启动完毕
/login
启动完毕
/login.html
/login.js
/avatar.png
/login
启动完毕
/login.html
/login.js
/avatar.png
/login
启动完毕
/login.html
/login.js
/avatar.png
/login
启动完毕
/login.html
/login.js
/avatar.png
/login
启动完毕
/login
/login.html
/avatar.png
/login.js
启动完毕
/login.html
/login.js
/avatar.png
/login
启动完毕
/login.html
/login.js
/avatar.png
/login
/login
/login
启动完毕
/login
/login.html
/avatar.png
/login.js
/login
/login
启动完毕
/login
/login.html
/login.js
/avatar.png
/login
启动完毕
/login.html
/avatar.png
/login.js
/login
启动完毕
/login.html
/login.js
/avatar.png
/login.html
/avatar.png
/login.js
/login
启动完毕
/login.html
/login.js
/avatar.png
/login
/mian.html
启动完毕
/mian.html
/login
/mian.html
/mian.html
/mian.html
/login.html
/avatar.png
/login.js
/login
/mian.html
启动完毕
/login.html
/login.js
/avatar.png
/login
/main.html
启动完毕
/main.html
/login.html
/avatar.png
/login.js
启动完毕
/login.html
/login.js
/avatar.png
/login
/main.html
/login.html
/login.js
/avatar.png
启动完毕
/login.html
/login.js
/avatar.png
启动完毕
/avatar.png
/login.html
/login.html
/login.js
/avatar.png
/login.html
/login.html
/login
启动完毕
/login.html
/login.js
/avatar.png
/login
/main.html
/login.html
/login.js
/avatar.png
启动完毕
/login.html
/login.js
/avatar.png
/login
/main.html
/login.html
/login.js
/avatar.png
/login
/main.html
/login.html
/login.js
/avatar.png
启动完毕
启动完毕
/login.html
/login.js
/avatar.png
/login
/main.html
/login.html
/login.js
/avatar.png
启动完毕
/login.html
/login.js
/avatar.png
启动完毕
/login.html
/login.js
/avatar.png
/login
/main.html
/login.html
/login.js
/avatar.png
/login
/main.html
/login.html
/login.js
/avatar.png
启动完毕
启动完毕
/student.html
/login.html
/login.js
/avatar.png
/favicon.ico
/login
/main.html
/login.html
/login.js
/avatar.png
启动完毕
/login.html
/login.js
/avatar.png
/login
/login
/main.html
/main.html
/login.html
/login.html
/login.js
/avatar.png
/login.html
/login.js
/avatar.png
/login
/login
/login.html
/main.html
/main.html
/login.html
/login.js
/avatar.png
启动完毕
启动完毕
启动完毕
/login.html
/login.js
/avatar.png
/login.html
/login.js
/avatar.png
/login.html
/login.js
/avatar.png
/favicon.ico
启动完毕
/login.html
/login.js
/login
/login
/main.html
/login.html
/main.html
/login.html
/login.js
启动完毕
/login.html
/login.js
/login
/login
/main.html
/main.html
/login.html
/login.html
/login.js
启动完毕
/login.html
/login.js
/login
/login
/main.html
/login.html
/main.html
/login.html
/login.js
启动完毕
/login.html
/login.js
/login.html
/login.js
/login.html
/login.js
/login.html
/login.js
/login.html
/login.js
/login.html
/login.js
/login.html
/login.js
/login.html
/login.js
/login
/login
/main.html
/login.html
/main.html
/login.html
/login.js
启动完毕
/login.html
/login.js
/login
/login
/error.html
/login.html
/error.html
/login.html
/login.js
/error.html
/login.html
/login.js
启动完毕
/login
/login
/main.html
/main.html
/login.html
/login.html
/error.html
/login.html
/login.js
启动完毕
/login.html
/login.js
/login
/login
/main.html
/main.html
/
/favicon.ico
/login.html
/login.js
/login
/login
/main.html
/main.html
/main.html
/login.html
/login.js
/login
/login
/error.html
/error.html
/login
/login
/main.html
/main.html
启动完毕
/main.html
/login.html
/login.js
启动完毕
/login.html
/login.js
/login
/main.html
/login.html
/login.js
/login
/login
/main.html
/main.html
启动完毕
/login.html
/login.js
/login
/login
/main.html
/main.html
/login.html
/login.html
/login.js
/login.html
/login.js
启动完毕
/login.html
/login.js
/login
/login
/main.html
/login.html
/main.html
/login.html
/login.js
/login
/login
/main.html
/main.html
/login.html
/login.html
/login.js
/login
/login
/main.html
/login.html
/main.html
/login.html
/login.js
/login
/login
/main.html
/main.html
/login.html
/login.html
/login.js
启动完毕
/login.html
/login.js
/login
/login
/main.html
/login.html
/main.html
/login.html
/login.js
/login.html
/login.js
/login.html
/login.js
/login
/login
/main.html
/main.html
/login.html
/login.html
/login.js
/login
/login
/main.html
/main.html
/login.html
/login.html
/login.js
启动完毕
/
/login.html
/login.js
/favicon.ico
/login.html
/login.js
启动完毕
/login
/login
/main.html
/main.html
/login.html
/login.html
/login.js
/login.html
/login.js
启动完毕
启动完毕
/login
/login
/main.html
/login.html
/main.html
/login.html
/login.js
启动完毕
/login
/login
/main.html
/login.html
/main.html
/login.html
/login.js
启动完毕
/login.html
/login.js
/login
/login
/main.html
/main.html
